0 info it worked if it ends with ok
1 verbose cli [ '/usr/local/bin/node', '/usr/local/bin/npm', 'start' ]
2 info using npm@4.1.2
3 info using node@v7.2.1
4 verbose run-script [ 'prestart', 'start', 'poststart' ]
5 info lifecycle sakishiraz@1.0.0~prestart: sakishiraz@1.0.0
6 silly lifecycle sakishiraz@1.0.0~prestart: no script for prestart, continuing
7 info lifecycle sakishiraz@1.0.0~start: sakishiraz@1.0.0
8 verbose lifecycle sakishiraz@1.0.0~start: unsafe-perm in lifecycle true
9 verbose lifecycle sakishiraz@1.0.0~start: PATH: /usr/local/lib/node_modules/npm/bin/node-gyp-bin:/Users/Ryo_Ikarashi/Sites/Clients/sakishiraz/node_modules/.bin:/Users/Ryo_Ikarashi/.rvm/gems/ruby-2.3.0/bin:/Users/Ryo_Ikarashi/.rvm/gems/ruby-2.3.0@global/bin:/Users/Ryo_Ikarashi/.rvm/rubies/ruby-2.3.0/bin:/Users/Ryo_Ikarashi/.phpenv/shims:/Users/Ryo_Ikarashi/.rbenv/shims:/Users/Ryo_Ikarashi/.pyenv/shims:/Users/Ryo_Ikarashi/.pyenv/bin:~/pebble-dev/pebble-sdk-4.2-mac/bin:/usr/local/bin:/usr/local/sbin:/Users/Ryo_Ikarashi/.composer/vendor/bin:/usr/local/heroku/bin:/path/to/anaconda3/bin:/Library/Frameworks/Python.framework/Versions/3.5/bin:/Library/Frameworks/Python.framework/Versions/2.7/bin:/usr/local/bin:/usr/bin:/bin:/usr/sbin:/sbin:/opt/X11/bin:/usr/local/go/bin:/opt/ImageMagick/bin:/Library/Frameworks/Mono.framework/Versions/Current/Commands:/Applications/Wireshark.app/Contents/MacOS:/user/local/bin:/Users/Ryo_Ikarashi/.rvm/gems/ruby-2.3.0/bin:/Users/Ryo_Ikarashi/.rvm/gems/ruby-2.3.0@global/bin:/Users/Ryo_Ikarashi/.rvm/rubies/ruby-2.3.0/bin:/Users/Ryo_Ikarashi/.phpenv/shims:/Users/Ryo_Ikarashi/.rbenv/shims:/Users/Ryo_Ikarashi/.pyenv/shims:/Users/Ryo_Ikarashi/.pyenv/bin:~/pebble-dev/pebble-sdk-4.2-mac/bin:/usr/local/sbin:/Users/Ryo_Ikarashi/.composer/vendor/bin:/usr/local/heroku/bin:/path/to/anaconda3/bin:/Library/Frameworks/Python.framework/Versions/3.5/bin:/Library/Frameworks/Python.framework/Versions/2.7/bin:/usr/local/Cellar/mysql/5.6.22/bin:/Users/Ryo_Ikarashi/.rvm/bin:/usr/local/m-cli:/Users/Ryo_Ikarashi/.phpenv/bin:/usr/local/bin:/usr/local/go/bin:/usr/bin:/bin:/usr/sbin:/sbin:/usr/local/bin:/usr/local/go/bin:/Users/Ryo_Ikarashi/.rvm/bin:/usr/local/m-cli:/Users/Ryo_Ikarashi/.phpenv/bin
10 verbose lifecycle sakishiraz@1.0.0~start: CWD: /Users/Ryo_Ikarashi/Sites/Clients/sakishiraz
11 silly lifecycle sakishiraz@1.0.0~start: Args: [ '-c', 'webpack && webpack-dev-server' ]
12 silly lifecycle sakishiraz@1.0.0~start: Returned: code: 2  signal: null
13 info lifecycle sakishiraz@1.0.0~start: Failed to exec start script
14 verbose stack Error: sakishiraz@1.0.0 start: `webpack && webpack-dev-server`
14 verbose stack Exit status 2
14 verbose stack     at EventEmitter.<anonymous> (/usr/local/lib/node_modules/npm/lib/utils/lifecycle.js:279:16)
14 verbose stack     at emitTwo (events.js:106:13)
14 verbose stack     at EventEmitter.emit (events.js:191:7)
14 verbose stack     at ChildProcess.<anonymous> (/usr/local/lib/node_modules/npm/lib/utils/spawn.js:40:14)
14 verbose stack     at emitTwo (events.js:106:13)
14 verbose stack     at ChildProcess.emit (events.js:191:7)
14 verbose stack     at maybeClose (internal/child_process.js:885:16)
14 verbose stack     at Process.ChildProcess._handle.onexit (internal/child_process.js:226:5)
15 verbose pkgid sakishiraz@1.0.0
16 verbose cwd /Users/Ryo_Ikarashi/Sites/Clients/sakishiraz
17 error Darwin 16.4.0
18 error argv "/usr/local/bin/node" "/usr/local/bin/npm" "start"
19 error node v7.2.1
20 error npm  v4.1.2
21 error code ELIFECYCLE
22 error sakishiraz@1.0.0 start: `webpack && webpack-dev-server`
22 error Exit status 2
23 error Failed at the sakishiraz@1.0.0 start script 'webpack && webpack-dev-server'.
23 error Make sure you have the latest version of node.js and npm installed.
23 error If you do, this is most likely a problem with the sakishiraz package,
23 error not with npm itself.
23 error Tell the author that this fails on your system:
23 error     webpack && webpack-dev-server
23 error You can get information on how to open an issue for this project with:
23 error     npm bugs sakishiraz
23 error Or if that isn't available, you can get their info via:
23 error     npm owner ls sakishiraz
23 error There is likely additional logging output above.
24 verbose exit [ 1, true ]
